<?xml version="1.0" encoding="UTF-8"?>
<testsuite xmlns:xsi="http://www.w3.org/2001/XMLSchema-instance" xsi:noNamespaceSchemaLocation="https://maven.apache.org/surefire/maven-surefire-plugin/xsd/surefire-test-report-3.0.xsd" version="3.0" name="tests.EvaluateurNiveauTests" time="0.51" tests="12" errors="0" skipped="0" failures="0">
  <properties>
[...]
</properties>
  <testcase name="testMauvaisFormatExamen" classname="tests.EvaluateurNiveauTests" time="0.334"/>
  <testcase name="testMauvaisFormatCours" classname="tests.EvaluateurNiveauTests" time="0"/>
  <testcase name="testNiveau{String, String, String}[1]" classname="tests.EvaluateurNiveauTests" time="0.042"/>
  <testcase name="testNiveau{String, String, String}[2]" classname="tests.EvaluateurNiveauTests" time="0.002"/>
  <testcase name="testNiveau{String, String, String}[3]" classname="tests.EvaluateurNiveauTests" time="0.002"/>
  <testcase name="testNiveau{String, String, String}[4]" classname="tests.EvaluateurNiveauTests" time="0.003"/>
  <testcase name="testNiveau{String, String, String}[5]" classname="tests.EvaluateurNiveauTests" time="0.001"/>
  <testcase name="testNiveau{String, String, String}[6]" classname="tests.EvaluateurNiveauTests" time="0.007"/>
  <testcase name="testNiveau{String, String, String}[7]" classname="tests.EvaluateurNiveauTests" time="0"/>
  <testcase name="testNiveau{String, String, String}[8]" classname="tests.EvaluateurNiveauTests" time="0.001"/>
  <testcase name="testValeurHorsBorneCours" classname="tests.EvaluateurNiveauTests" time="0.002"/>
  <testcase name="testValeurHorsBorneExamen" classname="tests.EvaluateurNiveauTests" time="0.001"/>
</testsuite>